app/build/intermediates/manifest_merge_blame_file/release/processReleaseMainManifest/manifest-merger-blame-release-report.txt
1<?xml version="1.0" encoding="utf-8"?>
2<manifest xmlns:android="http://schemas.android.com/apk/res/android"
3    package="com.geskot.app"
4    android:versionCode="2"
5    android:versionName="1.0.1" >
6
7    <uses-sdk
8        android:minSdkVersion="24"
9        android:targetSdkVersion="34" />
10
11    <!-- Internet permission for downloading CSV data -->
12    <uses-permission android:name="android.permission.INTERNET" />
12-->src\main\AndroidManifest.xml:6:5-67
12-->src\main\AndroidManifest.xml:6:22-64
13
14    <!-- Network state permission for checking connectivity -->
15    <uses-permission android:name="android.permission.ACCESS_NETWORK_STATE" />
15-->src\main\AndroidManifest.xml:9:5-79
15-->src\main\AndroidManifest.xml:9:22-76
16
17    <permission
17-->[androidx.core:core:1.12.0] AndroidManifest.xml:22:5-24:47
18        android:name="com.geskot.app.DYNAMIC_RECEIVER_NOT_EXPORTED_PERMISSION"
18-->[androidx.core:core:1.12.0] AndroidManifest.xml:23:9-81
19        android:protectionLevel="signature" />
19-->[androidx.core:core:1.12.0] AndroidManifest.xml:24:9-44
20
21    <uses-permission android:name="com.geskot.app.DYNAMIC_RECEIVER_NOT_EXPORTED_PERMISSION" />
21-->[androidx.core:core:1.12.0] AndroidManifest.xml:26:5-97
21-->[androidx.core:core:1.12.0] AndroidManifest.xml:26:22-94
22
23    <supports-screens
23-->[org.osmdroid:osmdroid-android:6.1.17] AndroidManifest.xml:9:5-12:40
24        android:anyDensity="true"
24-->[org.osmdroid:osmdroid-android:6.1.17] AndroidManifest.xml:10:9-34
25        android:largeScreens="true"
25-->[org.osmdroid:osmdroid-android:6.1.17] AndroidManifest.xml:11:9-36
26        android:normalScreens="true" />
26-->[org.osmdroid:osmdroid-android:6.1.17] AndroidManifest.xml:12:9-37
27
28    <uses-feature
28-->[org.osmdroid:osmdroid-android:6.1.17] AndroidManifest.xml:14:5-16:36
29        android:name="android.hardware.location.network"
29-->[org.osmdroid:osmdroid-android:6.1.17] AndroidManifest.xml:15:9-57
30        android:required="false" />
30-->[org.osmdroid:osmdroid-android:6.1.17] AndroidManifest.xml:16:9-33
31    <uses-feature
31-->[org.osmdroid:osmdroid-android:6.1.17] AndroidManifest.xml:17:5-19:36
32        android:name="android.hardware.location.gps"
32-->[org.osmdroid:osmdroid-android:6.1.17] AndroidManifest.xml:18:9-53
33        android:required="false" />
33-->[org.osmdroid:osmdroid-android:6.1.17] AndroidManifest.xml:19:9-33
34    <uses-feature
34-->[org.osmdroid:osmdroid-android:6.1.17] AndroidManifest.xml:20:5-22:36
35        android:name="android.hardware.telephony"
35-->[org.osmdroid:osmdroid-android:6.1.17] AndroidManifest.xml:21:9-50
36        android:required="false" />
36-->[org.osmdroid:osmdroid-android:6.1.17] AndroidManifest.xml:22:9-33
37    <uses-feature
37-->[org.osmdroid:osmdroid-android:6.1.17] AndroidManifest.xml:23:5-25:36
38        android:name="android.hardware.wifi"
38-->[org.osmdroid:osmdroid-android:6.1.17] AndroidManifest.xml:24:9-45
39        android:required="false" />
39-->[org.osmdroid:osmdroid-android:6.1.17] AndroidManifest.xml:25:9-33
40
41    <application
41-->src\main\AndroidManifest.xml:12:5-37:19
42        android:allowBackup="true"
42-->src\main\AndroidManifest.xml:13:9-35
43        android:appComponentFactory="androidx.core.app.CoreComponentFactory"
43-->[androidx.core:core:1.12.0] AndroidManifest.xml:28:18-86
44        android:dataExtractionRules="@xml/data_extraction_rules"
44-->src\main\AndroidManifest.xml:14:9-65
45        android:extractNativeLibs="false"
46        android:fullBackupContent="@xml/backup_rules"
46-->src\main\AndroidManifest.xml:15:9-54
47        android:hardwareAccelerated="true"
47-->src\main\AndroidManifest.xml:22:9-43
48        android:icon="@mipmap/ic_launcher"
48-->src\main\AndroidManifest.xml:16:9-43
49        android:label="@string/app_name"
49-->src\main\AndroidManifest.xml:17:9-41
50        android:largeHeap="true"
50-->src\main\AndroidManifest.xml:23:9-33
51        android:roundIcon="@mipmap/ic_launcher_round"
51-->src\main\AndroidManifest.xml:18:9-54
52        android:supportsRtl="true"
52-->src\main\AndroidManifest.xml:19:9-35
53        android:theme="@style/Theme.GesKot"
53-->src\main\AndroidManifest.xml:20:9-44
54        android:usesCleartextTraffic="true" >
54-->src\main\AndroidManifest.xml:21:9-44
55
56        <!-- Main Activity -->
57        <activity
57-->src\main\AndroidManifest.xml:28:9-36:20
58            android:name="com.geskot.app.MainActivity"
58-->src\main\AndroidManifest.xml:29:13-41
59            android:exported="true"
59-->src\main\AndroidManifest.xml:30:13-36
60            android:theme="@style/Theme.GesKot" >
60-->src\main\AndroidManifest.xml:31:13-48
61            <intent-filter>
61-->src\main\AndroidManifest.xml:32:13-35:29
62                <action android:name="android.intent.action.MAIN" />
62-->src\main\AndroidManifest.xml:33:17-69
62-->src\main\AndroidManifest.xml:33:25-66
63
64                <category android:name="android.intent.category.LAUNCHER" />
64-->src\main\AndroidManifest.xml:34:17-77
64-->src\main\AndroidManifest.xml:34:27-74
65            </intent-filter>
66        </activity>
67
68        <provider
68-->[androidx.emoji2:emoji2:1.4.0] AndroidManifest.xml:24:9-32:20
69            android:name="androidx.startup.InitializationProvider"
69-->[androidx.emoji2:emoji2:1.4.0] AndroidManifest.xml:25:13-67
70            android:authorities="com.geskot.app.androidx-startup"
70-->[androidx.emoji2:emoji2:1.4.0] AndroidManifest.xml:26:13-68
71            android:exported="false" >
71-->[androidx.emoji2:emoji2:1.4.0] AndroidManifest.xml:27:13-37
72            <meta-data
72-->[androidx.emoji2:emoji2:1.4.0] AndroidManifest.xml:29:13-31:52
73                android:name="androidx.emoji2.text.EmojiCompatInitializer"
73-->[androidx.emoji2:emoji2:1.4.0] AndroidManifest.xml:30:17-75
74                android:value="androidx.startup" />
74-->[androidx.emoji2:emoji2:1.4.0] AndroidManifest.xml:31:17-49
75            <meta-data
75-->[androidx.lifecycle:lifecycle-process:2.7.0] AndroidManifest.xml:29:13-31:52
76                android:name="androidx.lifecycle.ProcessLifecycleInitializer"
76-->[androidx.lifecycle:lifecycle-process:2.7.0] AndroidManifest.xml:30:17-78
77                android:value="androidx.startup" />
77-->[androidx.lifecycle:lifecycle-process:2.7.0] AndroidManifest.xml:31:17-49
78            <meta-data
78-->[androidx.profileinstaller:profileinstaller:1.3.0] AndroidManifest.xml:29:13-31:52
79                android:name="androidx.profileinstaller.ProfileInstallerInitializer"
79-->[androidx.profileinstaller:profileinstaller:1.3.0] AndroidManifest.xml:30:17-85
80                android:value="androidx.startup" />
80-->[androidx.profileinstaller:profileinstaller:1.3.0] AndroidManifest.xml:31:17-49
81        </provider>
82
83        <receiver
83-->[androidx.profileinstaller:profileinstaller:1.3.0] AndroidManifest.xml:34:9-52:20
84            android:name="androidx.profileinstaller.ProfileInstallReceiver"
84-->[androidx.profileinstaller:profileinstaller:1.3.0] AndroidManifest.xml:35:13-76
85            android:directBootAware="false"
85-->[androidx.profileinstaller:profileinstaller:1.3.0] AndroidManifest.xml:36:13-44
86            android:enabled="true"
86-->[androidx.profileinstaller:profileinstaller:1.3.0] AndroidManifest.xml:37:13-35
87            android:exported="true"
87-->[androidx.profileinstaller:profileinstaller:1.3.0] AndroidManifest.xml:38:13-36
88            android:permission="android.permission.DUMP" >
88-->[androidx.profileinstaller:profileinstaller:1.3.0] AndroidManifest.xml:39:13-57
89            <intent-filter>
89-->[androidx.profileinstaller:profileinstaller:1.3.0] AndroidManifest.xml:40:13-42:29
90                <action android:name="androidx.profileinstaller.action.INSTALL_PROFILE" />
90-->[androidx.profileinstaller:profileinstaller:1.3.0] AndroidManifest.xml:41:17-91
90-->[androidx.profileinstaller:profileinstaller:1.3.0] AndroidManifest.xml:41:25-88
91            </intent-filter>
92            <intent-filter>
92-->[androidx.profileinstaller:profileinstaller:1.3.0] AndroidManifest.xml:43:13-45:29
93                <action android:name="androidx.profileinstaller.action.SKIP_FILE" />
93-->[androidx.profileinstaller:profileinstaller:1.3.0] AndroidManifest.xml:44:17-85
93-->[androidx.profileinstaller:profileinstaller:1.3.0] AndroidManifest.xml:44:25-82
94            </intent-filter>
95            <intent-filter>
95-->[androidx.profileinstaller:profileinstaller:1.3.0] AndroidManifest.xml:46:13-48:29
96                <action android:name="androidx.profileinstaller.action.SAVE_PROFILE" />
96-->[androidx.profileinstaller:profileinstaller:1.3.0] AndroidManifest.xml:47:17-88
96-->[androidx.profileinstaller:profileinstaller:1.3.0] AndroidManifest.xml:47:25-85
97            </intent-filter>
98            <intent-filter>
98-->[androidx.profileinstaller:profileinstaller:1.3.0] AndroidManifest.xml:49:13-51:29
99                <action android:name="androidx.profileinstaller.action.BENCHMARK_OPERATION" />
99-->[androidx.profileinstaller:profileinstaller:1.3.0] AndroidManifest.xml:50:17-95
99-->[androidx.profileinstaller:profileinstaller:1.3.0] AndroidManifest.xml:50:25-92
100            </intent-filter>
101        </receiver>
102    </application>
103
104</manifest>